<?xml version="1.0" encoding="UTF-8" standalone="no"?>
<testsuite errors="0" failures="0" name="io.cucumber.core.plugin.JUnitFormatter" skipped="0" tests="1" time="37.923">
    <testcase classname="Login functionality" name="To check login with valid data" time="37.527">
        <system-out><![CDATA[Given user reached to login page............................................passed
When user enters username and password......................................passed
And click on login..........................................................passed
Then verify successful login message........................................passed
And click logout............................................................passed
]]></system-out>
    </testcase>
</testsuite>
